Determining if the CXX compiler works failed with the following output:


Compiling the C compiler identification source file "CMakeCCompilerId.c" failed.
Compiler: C:/Program Files (x86)/Microsoft Visual Studio/2017/Community/VC/Tools/MSVC/14.10.25017/bin/HostX86/x86/cl.exe 
Build flags: /DWIN32;/D_WINDOWS;/W3
Id flags:  

The output was:
2
Microsoft (R) C/C++ Optimizing Compiler Version 19.10.25017 for x86
Copyright (C) Microsoft Corporation.  All rights reserved.

CMakeCCompilerId.c
Microsoft (R) Incremental Linker Version 14.10.25017.0
Copyright (C) Microsoft Corporation.  All rights reserved.

/out:CMakeCCompilerId.exe 
CMakeCCompilerId.obj 
LINK : fatal error LNK1104: cannot open file 'LIBCMT.lib'


Compiling the CXX compiler identification source file "CMakeCXXCompilerId.cpp" failed.
Compiler: C:/Program Files (x86)/Microsoft Visual Studio/2017/Community/VC/Tools/MSVC/14.10.25017/bin/HostX86/x86/cl.exe 
Build flags: /DWIN32;/D_WINDOWS;/W3;/GR;/EHsc
Id flags:  

The output was:
2
Microsoft (R) C/C++ Optimizing Compiler Version 19.10.25017 for x86
Copyright (C) Microsoft Corporation.  All rights reserved.

CMakeCXXCompilerId.cpp
Microsoft (R) Incremental Linker Version 14.10.25017.0
Copyright (C) Microsoft Corporation.  All rights reserved.

/out:CMakeCXXCompilerId.exe 
CMakeCXXCompilerId.obj 
LINK : fatal error LNK1104: cannot open file 'LIBCMT.lib'


Determining if the C compiler works failed with the following output:
Change Dir: Z:/Projects/DungeonEngine/cmake-build-debug/CMakeFiles/CMakeTmp

Run Build Command:"nmake" "/NOLOGO" "cmTC_0121e\fast"

Generator: execution of make failed. Make command was: "nmake" "/NOLOGO" "cmTC_0121e\fast"


